<?xml version="1.0" encoding="UTF-8"?>
<testsuite xmlns:xsi="http://www.w3.org/2001/XMLSchema-instance" xsi:noNamespaceSchemaLocation="https://maven.apache.org/surefire/maven-surefire-plugin/xsd/surefire-test-report.xsd" name="ru.netology.stats.StatsServiceTest" time="0.024" tests="5" errors="0" skipped="0" failures="0">
  <properties>
[...]
</properties>
  <testcase name="calculateSumAndMidelSum" classname="ru.netology.stats.StatsServiceTest" time="0.004"/>
  <testcase name="calculatehighMonth" classname="ru.netology.stats.StatsServiceTest" time="0"/>
  <testcase name="calculateHowLowPayment" classname="ru.netology.stats.StatsServiceTest" time="0"/>
  <testcase name="calculatelowMonth" classname="ru.netology.stats.StatsServiceTest" time="0.003"/>
  <testcase name="calculateHowHighPayment" classname="ru.netology.stats.StatsServiceTest" time="0"/>
</testsuite>